[2025-05-14 12:59:59] → /Users/josemanuelmota/Documents/Origen_noe/NEOCORE/.venv/etc/jupyter/nbconfig/notebook.d/pydeck.json → flujo (json)
[2025-05-14 12:59:59] → /Users/josemanuelmota/Documents/Origen_noe/NEOCORE/.venv/lib/python3.13/site-packages/altair/vegalite/v5/schema/vega-themes.json → flujo (json)
[2025-05-14 12:59:59] → /Users/josemanuelmota/Documents/Origen_noe/NEOCORE/.venv/lib/python3.13/site-packages/altair/vegalite/v5/schema/vega-lite-schema.json → flujo (json)
[2025-05-14 12:59:59] → /Users/josemanuelmota/Documents/Origen_noe/NEOCORE/.venv/lib/python3.13/site-packages/jsonschema/benchmarks/issue232/issue.json → flujo (json)
[2025-05-14 12:59:59] → /Users/josemanuelmota/Documents/Origen_noe/NEOCORE/.venv/lib/python3.13/site-packages/jsonschema_specifications/schemas/draft6/metaschema.json → flujo (json)
[2025-05-14 12:59:59] → /Users/josemanuelmota/Documents/Origen_noe/NEOCORE/.venv/lib/python3.13/site-packages/jsonschema_specifications/schemas/draft7/metaschema.json → flujo (json)
[2025-05-14 12:59:59] → /Users/josemanuelmota/Documents/Origen_noe/NEOCORE/.venv/lib/python3.13/site-packages/jsonschema_specifications/schemas/draft201909/metaschema.json → flujo (json)
[2025-05-14 12:59:59] → /Users/josemanuelmota/Documents/Origen_noe/NEOCORE/.venv/lib/python3.13/site-packages/jsonschema_specifications/schemas/draft202012/metaschema.json → flujo (json)
[2025-05-14 12:59:59] → /Users/josemanuelmota/Documents/Origen_noe/NEOCORE/.venv/lib/python3.13/site-packages/jsonschema_specifications/schemas/draft4/metaschema.json → flujo (json)
[2025-05-14 12:59:59] → /Users/josemanuelmota/Documents/Origen_noe/NEOCORE/.venv/lib/python3.13/site-packages/jsonschema_specifications/schemas/draft3/metaschema.json → flujo (json)
[2025-05-14 12:59:59] → /Users/josemanuelmota/Documents/Origen/Noesis_AppOrchestrator/node_modules/triple-beam/.nyc_output/processinfo/c579bf8f-6820-47a5-b2da-a11267eb8435.json → flujo (json)
[2025-05-14 12:59:59] → /Users/josemanuelmota/Documents/Origen/Noesis_AppOrchestrator/node_modules/triple-beam/.nyc_output/processinfo/index.json → flujo (json)
[2025-05-14 12:59:59] → /Users/josemanuelmota/Documents/Origen/Noesis_AppOrchestrator/node_modules/triple-beam/.nyc_output/c579bf8f-6820-47a5-b2da-a11267eb8435.json → flujo (json)
[2025-05-14 12:59:59] → /Users/josemanuelmota/Documents/Origen/Noesis_AppOrchestrator/node_modules/color/node_modules/color-name/.eslintrc.json → flujo (json)
[2025-05-14 12:59:59] → /Users/josemanuelmota/Documents/Origen/Noesis_AppOrchestrator/node_modules/winston-transport/.nyc_output/68e78020-c804-4f37-a68a-a967c6380da9.json → flujo (json)
[2025-05-14 12:59:59] → /Users/josemanuelmota/Documents/Origen/Noesis_AppOrchestrator/node_modules/winston-transport/.nyc_output/processinfo/68e78020-c804-4f37-a68a-a967c6380da9.json → flujo (json)
[2025-05-14 12:59:59] → /Users/josemanuelmota/Documents/Origen/Noesis_AppOrchestrator/node_modules/winston-transport/.nyc_output/processinfo/index.json → flujo (json)
[2025-05-14 12:59:59] → /Users/josemanuelmota/Documents/Origen/Noesis_AppOrchestrator/node_modules/.package-lock.json → flujo (json)
[2025-05-14 12:59:59] → /Users/josemanuelmota/Desktop/push_to_github_neocore.sh → git
[2025-05-14 12:59:59] → /Users/josemanuelmota/Desktop/PrediccionesCommodities/PrediccionesCommodities/Assets.xcassets/AppIcon.appiconset/Contents.json → flujo (json)
[2025-05-14 12:59:59] → /Users/josemanuelmota/Desktop/PrediccionesCommodities/PrediccionesCommodities/Assets.xcassets/AccentColor.colorset/Contents.json → flujo (json)
[2025-05-14 12:59:59] → /Users/josemanuelmota/Desktop/PrediccionesCommodities/PrediccionesCommodities/Assets.xcassets/Contents.json → flujo (json)
[2025-05-14 12:59:59] → /Users/josemanuelmota/Desktop/registro1/registro1/Assets.xcassets/AppIcon.appiconset/Contents.json → flujo (json)
[2025-05-14 12:59:59] → /Users/josemanuelmota/Desktop/registro1/registro1/Assets.xcassets/AccentColor.colorset/Contents.json → flujo (json)
[2025-05-14 12:59:59] → /Users/josemanuelmota/Desktop/registro1/registro1/Assets.xcassets/Contents.json → flujo (json)
[2025-05-14 12:59:59] → /Users/josemanuelmota/Desktop/Noesis_Nucleo_OLD/interface/noe_panel.py → noe_panel
[2025-05-14 12:59:59] → /Users/josemanuelmota/Desktop/Noesis_Nucleo_OLD/config.json → flujo (json)
[2025-05-14 12:59:59] → /Users/josemanuelmota/Desktop/PresenciaNoe/PresenciaNoe/Assets.xcassets/AppIcon.appiconset/Contents.json → flujo (json)
[2025-05-14 12:59:59] → /Users/josemanuelmota/Desktop/PresenciaNoe/PresenciaNoe/Assets.xcassets/AccentColor.colorset/Contents.json → flujo (json)
[2025-05-14 12:59:59] → /Users/josemanuelmota/Desktop/PresenciaNoe/PresenciaNoe/Assets.xcassets/Contents.json → flujo (json)
[2025-05-14 12:59:59] → /Users/josemanuelmota/Desktop/Noesis_Nucleo_Consciente/interface/noe_panel.py → noe_panel
[2025-05-14 12:59:59] → /Users/josemanuelmota/Desktop/Noesis_Nucleo_Consciente/.venv/etc/jupyter/nbconfig/notebook.d/pydeck.json → flujo (json)
[2025-05-14 12:59:59] → /Users/josemanuelmota/Desktop/Noesis_Nucleo_Consciente/.venv/lib/python3.13/site-packages/altair/vegalite/v5/schema/vega-themes.json → flujo (json)
[2025-05-14 12:59:59] → /Users/josemanuelmota/Desktop/Noesis_Nucleo_Consciente/.venv/lib/python3.13/site-packages/altair/vegalite/v5/schema/vega-lite-schema.json → flujo (json)
[2025-05-14 12:59:59] → /Users/josemanuelmota/Desktop/Noesis_Nucleo_Consciente/.venv/lib/python3.13/site-packages/jsonschema/benchmarks/issue232/issue.json → flujo (json)
[2025-05-14 12:59:59] → /Users/josemanuelmota/Desktop/Noesis_Nucleo_Consciente/.venv/lib/python3.13/site-packages/jsonschema_specifications/schemas/draft6/metaschema.json → flujo (json)
[2025-05-14 12:59:59] → /Users/josemanuelmota/Desktop/Noesis_Nucleo_Consciente/.venv/lib/python3.13/site-packages/jsonschema_specifications/schemas/draft7/metaschema.json → flujo (json)
[2025-05-14 12:59:59] → /Users/josemanuelmota/Desktop/Noesis_Nucleo_Consciente/.venv/lib/python3.13/site-packages/jsonschema_specifications/schemas/draft201909/metaschema.json → flujo (json)
[2025-05-14 12:59:59] → /Users/josemanuelmota/Desktop/Noesis_Nucleo_Consciente/.venv/lib/python3.13/site-packages/jsonschema_specifications/schemas/draft202012/metaschema.json → flujo (json)
[2025-05-14 12:59:59] → /Users/josemanuelmota/Desktop/Noesis_Nucleo_Consciente/.venv/lib/python3.13/site-packages/jsonschema_specifications/schemas/draft4/metaschema.json → flujo (json)
[2025-05-14 12:59:59] → /Users/josemanuelmota/Desktop/Noesis_Nucleo_Consciente/.venv/lib/python3.13/site-packages/jsonschema_specifications/schemas/draft3/metaschema.json → flujo (json)
[2025-05-14 12:59:59] → /Users/josemanuelmota/Desktop/.venv/etc/jupyter/nbconfig/notebook.d/pydeck.json → flujo (json)
[2025-05-14 12:59:59] → /Users/josemanuelmota/Desktop/.venv/lib/python3.13/site-packages/altair/vegalite/v5/schema/vega-themes.json → flujo (json)
[2025-05-14 12:59:59] → /Users/josemanuelmota/Desktop/.venv/lib/python3.13/site-packages/altair/vegalite/v5/schema/vega-lite-schema.json → flujo (json)
[2025-05-14 12:59:59] → /Users/josemanuelmota/Desktop/.venv/lib/python3.13/site-packages/jsonschema/benchmarks/issue232/issue.json → flujo (json)
[2025-05-14 12:59:59] → /Users/josemanuelmota/Desktop/.venv/lib/python3.13/site-packages/jsonschema_specifications/schemas/draft6/metaschema.json → flujo (json)
[2025-05-14 12:59:59] → /Users/josemanuelmota/Desktop/.venv/lib/python3.13/site-packages/jsonschema_specifications/schemas/draft7/metaschema.json → flujo (json)
[2025-05-14 12:59:59] → /Users/josemanuelmota/Desktop/.venv/lib/python3.13/site-packages/jsonschema_specifications/schemas/draft201909/metaschema.json → flujo (json)
[2025-05-14 12:59:59] → /Users/josemanuelmota/Desktop/.venv/lib/python3.13/site-packages/jsonschema_specifications/schemas/draft202012/metaschema.json → flujo (json)
[2025-05-14 12:59:59] → /Users/josemanuelmota/Desktop/.venv/lib/python3.13/site-packages/jsonschema_specifications/schemas/draft4/metaschema.json → flujo (json)
[2025-05-14 12:59:59] → /Users/josemanuelmota/Desktop/.venv/lib/python3.13/site-packages/jsonschema_specifications/schemas/draft3/metaschema.json → flujo (json)
[2025-05-14 12:59:59] → /Users/josemanuelmota/Desktop/CommoditiesApp/CommoditiesApp/Assets.xcassets/AppIcon.appiconset/Contents.json → flujo (json)
[2025-05-14 12:59:59] → /Users/josemanuelmota/Desktop/CommoditiesApp/CommoditiesApp/Assets.xcassets/AccentColor.colorset/Contents.json → flujo (json)
[2025-05-14 12:59:59] → /Users/josemanuelmota/Desktop/CommoditiesApp/CommoditiesApp/Assets.xcassets/Contents.json → flujo (json)
[2025-05-14 12:59:59] → /Users/josemanuelmota/Desktop/Noesis_AppOrchestrator/config.json → flujo (json)
[2025-05-14 12:59:59] → /Users/josemanuelmota/Desktop/Noesis_AppOrchestrator/node_modules/triple-beam/package.json → flujo (json)
[2025-05-14 12:59:59] → /Users/josemanuelmota/Desktop/Noesis_AppOrchestrator/node_modules/triple-beam/.nyc_output/processinfo/c579bf8f-6820-47a5-b2da-a11267eb8435.json → flujo (json)
[2025-05-14 12:59:59] → /Users/josemanuelmota/Desktop/Noesis_AppOrchestrator/node_modules/triple-beam/.nyc_output/processinfo/index.json → flujo (json)
[2025-05-14 12:59:59] → /Users/josemanuelmota/Desktop/Noesis_AppOrchestrator/node_modules/triple-beam/.nyc_output/c579bf8f-6820-47a5-b2da-a11267eb8435.json → flujo (json)
[2025-05-14 12:59:59] → /Users/josemanuelmota/Desktop/Noesis_AppOrchestrator/node_modules/simple-swizzle/package.json → flujo (json)
[2025-05-14 12:59:59] → /Users/josemanuelmota/Desktop/Noesis_AppOrchestrator/node_modules/@types/triple-beam/package.json → flujo (json)
[2025-05-14 12:59:59] → /Users/josemanuelmota/Desktop/Noesis_AppOrchestrator/node_modules/@types/cors/package.json → flujo (json)
[2025-05-14 12:59:59] → /Users/josemanuelmota/Desktop/Noesis_AppOrchestrator/node_modules/@types/node/package.json → flujo (json)
[2025-05-14 13:02:43] → /Users/josemanuelmota/Desktop/Noesis_AppOrchestrator/node_modules/lodash/package.json → flujo (json)
[2025-05-14 12:59:59] → /Users/josemanuelmota/Desktop/Noesis_AppOrchestrator/node_modules/toidentifier/package.json → flujo (json)
[2025-05-14 13:02:43] → /Users/josemanuelmota/Desktop/Noesis_AppOrchestrator/node_modules/strip-ansi/package.json → flujo (json)
[2025-05-14 12:59:59] → /Users/josemanuelmota/Desktop/Noesis_AppOrchestrator/node_modules/content-type/package.json → flujo (json)
[2025-05-14 12:59:59] → /Users/josemanuelmota/Desktop/Noesis_AppOrchestrator/node_modules/es-errors/package.json → flujo (json)
[2025-05-14 12:59:59] → /Users/josemanuelmota/Desktop/Noesis_AppOrchestrator/node_modules/es-errors/tsconfig.json → flujo (json)
[2025-05-14 13:02:43] → /Users/josemanuelmota/Desktop/Noesis_AppOrchestrator/node_modules/colorspace/package.json → flujo (json)
[2025-05-14 13:02:43] → /Users/josemanuelmota/Desktop/Noesis_AppOrchestrator/node_modules/ms/package.json → flujo (json)
[2025-05-14 13:02:43] → /Users/josemanuelmota/Desktop/Noesis_AppOrchestrator/node_modules/content-disposition/package.json → flujo (json)
[2025-05-14 12:59:59] → /Users/josemanuelmota/Desktop/Noesis_AppOrchestrator/node_modules/math-intrinsics/package.json → flujo (json)
[2025-05-14 13:02:43] → /Users/josemanuelmota/Desktop/Noesis_AppOrchestrator/node_modules/math-intrinsics/tsconfig.json → flujo (json)
[2025-05-14 13:02:43] → /Users/josemanuelmota/Desktop/Noesis_AppOrchestrator/node_modules/has-tostringtag/package.json → flujo (json)
[2025-05-14 13:02:43] → /Users/josemanuelmota/Desktop/Noesis_AppOrchestrator/node_modules/has-tostringtag/tsconfig.json → flujo (json)
[2025-05-14 13:02:43] → /Users/josemanuelmota/Desktop/Noesis_AppOrchestrator/node_modules/commander/package.json → flujo (json)
[2025-05-14 12:59:59] → /Users/josemanuelmota/Desktop/Noesis_AppOrchestrator/node_modules/commander/package-support.json → flujo (json)
[2025-05-14 12:59:59] → /Users/josemanuelmota/Desktop/Noesis_AppOrchestrator/node_modules/require-directory/package.json → flujo (json)
[2025-05-14 13:02:43] → /Users/josemanuelmota/Desktop/Noesis_AppOrchestrator/node_modules/proxy-addr/package.json → flujo (json)
[2025-05-14 13:02:43] → /Users/josemanuelmota/Desktop/Noesis_AppOrchestrator/node_modules/depd/package.json → flujo (json)
[2025-05-14 12:59:59] → /Users/josemanuelmota/Desktop/Noesis_AppOrchestrator/node_modules/escalade/package.json → flujo (json)
[2025-05-14 13:02:43] → /Users/josemanuelmota/Desktop/Noesis_AppOrchestrator/node_modules/range-parser/package.json → flujo (json)
[2025-05-14 12:59:59] → /Users/josemanuelmota/Desktop/Noesis_AppOrchestrator/node_modules/color-string/package.json → flujo (json)
[2025-05-14 13:02:43] → /Users/josemanuelmota/Desktop/Noesis_AppOrchestrator/node_modules/side-channel-list/package.json → flujo (json)
[2025-05-14 12:59:59] → /Users/josemanuelmota/Desktop/Noesis_AppOrchestrator/node_modules/side-channel-list/tsconfig.json → flujo (json)
[2025-05-14 13:02:43] → /Users/josemanuelmota/Desktop/Noesis_AppOrchestrator/node_modules/bytes/package.json → flujo (json)
[2025-05-14 12:59:59] → /Users/josemanuelmota/Desktop/Noesis_AppOrchestrator/node_modules/call-bind-apply-helpers/package.json → flujo (json)
[2025-05-14 13:02:43] → /Users/josemanuelmota/Desktop/Noesis_AppOrchestrator/node_modules/call-bind-apply-helpers/tsconfig.json → flujo (json)
[2025-05-14 13:02:43] → /Users/josemanuelmota/Desktop/Noesis_AppOrchestrator/node_modules/concurrently/package.json → flujo (json)
[2025-05-14 13:02:43] → /Users/josemanuelmota/Desktop/Noesis_AppOrchestrator/node_modules/express/package.json → flujo (json)
[2025-05-14 12:59:59] → /Users/josemanuelmota/Desktop/Noesis_AppOrchestrator/node_modules/encodeurl/package.json → flujo (json)
[2025-05-14 12:59:59] → /Users/josemanuelmota/Desktop/Noesis_AppOrchestrator/node_modules/wrap-ansi/package.json → flujo (json)
[2025-05-14 13:02:43] → /Users/josemanuelmota/Desktop/Noesis_AppOrchestrator/node_modules/y18n/package.json → flujo (json)
[2025-05-14 12:59:59] → /Users/josemanuelmota/Desktop/Noesis_AppOrchestrator/node_modules/once/package.json → flujo (json)
[2025-05-14 13:02:43] → /Users/josemanuelmota/Desktop/Noesis_AppOrchestrator/node_modules/proxy-from-env/package.json → flujo (json)
[2025-05-14 13:02:43] → /Users/josemanuelmota/Desktop/Noesis_AppOrchestrator/node_modules/text-hex/package.json → flujo (json)
[2025-05-14 12:59:59] → /Users/josemanuelmota/Desktop/Noesis_AppOrchestrator/node_modules/string_decoder/package.json → flujo (json)
[2025-05-14 13:02:43] → /Users/josemanuelmota/Desktop/Noesis_AppOrchestrator/node_modules/merge-descriptors/package.json → flujo (json)
[2025-05-14 13:02:43] → /Users/josemanuelmota/Desktop/Noesis_AppOrchestrator/node_modules/tslib/package.json → flujo (json)
[2025-05-14 12:59:59] → /Users/josemanuelmota/Desktop/Noesis_AppOrchestrator/node_modules/tslib/modules/package.json → flujo (json)
[2025-05-14 13:02:43] → /Users/josemanuelmota/Desktop/Noesis_AppOrchestrator/node_modules/socket.io-adapter/node_modules/debug/package.json → flujo (json)
[2025-05-14 13:02:43] → /Users/josemanuelmota/Desktop/Noesis_AppOrchestrator/node_modules/socket.io-adapter/package.json → flujo (json)
[2025-05-14 12:59:59] → /Users/josemanuelmota/Desktop/Noesis_AppOrchestrator/node_modules/@dabh/diagnostics/package.json → flujo (json)
[2025-05-14 13:02:43] → /Users/josemanuelmota/Desktop/Noesis_AppOrchestrator/node_modules/safe-buffer/package.json → flujo (json)
[2025-05-14 13:02:43] → /Users/josemanuelmota/Desktop/Noesis_AppOrchestrator/node_modules/kuler/package.json → flujo (json)
[2025-05-14 13:02:43] → /Users/josemanuelmota/Desktop/Noesis_AppOrchestrator/node_modules/function-bind/package.json → flujo (json)
[2025-05-14 13:02:43] → /Users/josemanuelmota/Desktop/Noesis_AppOrchestrator/node_modules/ee-first/package.json → flujo (json)
[2025-05-14 13:02:43] → /Users/josemanuelmota/Desktop/Noesis_AppOrchestrator/node_modules/is-fullwidth-code-point/package.json → flujo (json)
[2025-05-14 12:59:59] → /Users/josemanuelmota/Desktop/Noesis_AppOrchestrator/node_modules/color/node_modules/color-name/package.json → flujo (json)
[2025-05-14 12:59:59] → /Users/josemanuelmota/Desktop/Noesis_AppOrchestrator/node_modules/color/node_modules/color-name/.eslintrc.json → flujo (json)
[2025-05-14 13:02:43] → /Users/josemanuelmota/Desktop/Noesis_AppOrchestrator/node_modules/color/node_modules/color-convert/package.json → flujo (json)
[2025-05-14 12:59:59] → /Users/josemanuelmota/Desktop/Noesis_AppOrchestrator/node_modules/color/package.json → flujo (json)
[2025-05-14 13:02:43] → /Users/josemanuelmota/Desktop/Noesis_AppOrchestrator/node_modules/yargs-parser/package.json → flujo (json)
[2025-05-14 12:59:59] → /Users/josemanuelmota/Desktop/Noesis_AppOrchestrator/node_modules/inherits/package.json → flujo (json)
[2025-05-14 12:59:59] → /Users/josemanuelmota/Desktop/Noesis_AppOrchestrator/node_modules/iconv-lite/encodings/tables/cp949.json → flujo (json)
[2025-05-14 12:59:59] → /Users/josemanuelmota/Desktop/Noesis_AppOrchestrator/node_modules/iconv-lite/encodings/tables/shiftjis.json → flujo (json)
[2025-05-14 12:59:59] → /Users/josemanuelmota/Desktop/Noesis_AppOrchestrator/node_modules/iconv-lite/encodings/tables/gbk-added.json → flujo (json)
[2025-05-14 12:59:59] → /Users/josemanuelmota/Desktop/Noesis_AppOrchestrator/node_modules/iconv-lite/encodings/tables/gb18030-ranges.json → flujo (json)
[2025-05-14 13:02:43] → /Users/josemanuelmota/Desktop/Noesis_AppOrchestrator/node_modules/iconv-lite/encodings/tables/cp936.json → flujo (json)
[2025-05-14 13:02:43] → /Users/josemanuelmota/Desktop/Noesis_AppOrchestrator/node_modules/iconv-lite/encodings/tables/big5-added.json → flujo (json)
[2025-05-14 13:02:43] → /Users/josemanuelmota/Desktop/Noesis_AppOrchestrator/node_modules/iconv-lite/encodings/tables/eucjp.json → flujo (json)
[2025-05-14 13:02:43] → /Users/josemanuelmota/Desktop/Noesis_AppOrchestrator/node_modules/iconv-lite/encodings/tables/cp950.json → flujo (json)
[2025-05-14 12:59:59] → /Users/josemanuelmota/Desktop/Noesis_AppOrchestrator/node_modules/iconv-lite/package.json → flujo (json)
[2025-05-14 12:59:59] → /Users/josemanuelmota/Desktop/Noesis_AppOrchestrator/node_modules/color-name/package.json → flujo (json)
[2025-05-14 13:02:43] → /Users/josemanuelmota/Desktop/Noesis_AppOrchestrator/node_modules/es-define-property/package.json → flujo (json)
[2025-05-14 13:02:43] → /Users/josemanuelmota/Desktop/Noesis_AppOrchestrator/node_modules/es-define-property/tsconfig.json → flujo (json)
[2025-05-14 12:59:59] → /Users/josemanuelmota/Desktop/Noesis_AppOrchestrator/node_modules/stack-trace/package.json → flujo (json)
[2025-05-14 13:02:43] → /Users/josemanuelmota/Desktop/Noesis_AppOrchestrator/node_modules/@socket.io/component-emitter/package.json → flujo (json)
[2025-05-14 13:02:43] → /Users/josemanuelmota/Desktop/Noesis_AppOrchestrator/node_modules/@socket.io/component-emitter/lib/esm/package.json → flujo (json)
[2025-05-14 12:59:59] → /Users/josemanuelmota/Desktop/Noesis_AppOrchestrator/node_modules/@socket.io/component-emitter/lib/cjs/package.json → flujo (json)
[2025-05-14 12:59:59] → /Users/josemanuelmota/Desktop/Noesis_AppOrchestrator/node_modules/async/bower.json → flujo (json)
[2025-05-14 13:02:43] → /Users/josemanuelmota/Desktop/Noesis_AppOrchestrator/node_modules/async/package.json → flujo (json)
[2025-05-14 13:02:43] → /Users/josemanuelmota/Desktop/Noesis_AppOrchestrator/node_modules/fresh/package.json → flujo (json)
[2025-05-14 13:02:43] → /Users/josemanuelmota/Desktop/Noesis_AppOrchestrator/node_modules/get-intrinsic/package.json → flujo (json)
[2025-05-14 12:59:59] → /Users/josemanuelmota/Desktop/Noesis_AppOrchestrator/node_modules/one-time/package.json → flujo (json)
[2025-05-14 13:02:43] → /Users/josemanuelmota/Desktop/Noesis_AppOrchestrator/node_modules/fn.name/package.json → flujo (json)
[2025-05-14 13:02:43] → /Users/josemanuelmota/Desktop/Noesis_AppOrchestrator/node_modules/qs/package.json → flujo (json)
[2025-05-14 12:59:59] → /Users/josemanuelmota/Desktop/Noesis_AppOrchestrator/node_modules/call-bound/package.json → flujo (json)
[2025-05-14 13:02:43] → /Users/josemanuelmota/Desktop/Noesis_AppOrchestrator/node_modules/call-bound/tsconfig.json → flujo (json)
[2025-05-14 12:59:59] → /Users/josemanuelmota/Desktop/Noesis_AppOrchestrator/node_modules/scheduler/package.json → flujo (json)
[2025-05-14 12:59:59] → /Users/josemanuelmota/Desktop/Noesis_AppOrchestrator/node_modules/combined-stream/package.json → flujo (json)
[2025-05-14 12:59:59] → /Users/josemanuelmota/Desktop/Noesis_AppOrchestrator/node_modules/@colors/colors/package.json → flujo (json)
[2025-05-14 12:59:59] → /Users/josemanuelmota/Desktop/Noesis_AppOrchestrator/node_modules/dunder-proto/package.json → flujo (json)
[2025-05-14 12:59:59] → /Users/josemanuelmota/Desktop/Noesis_AppOrchestrator/node_modules/dunder-proto/tsconfig.json → flujo (json)
[2025-05-14 13:02:43] → /Users/josemanuelmota/Desktop/Noesis_AppOrchestrator/node_modules/path-to-regexp/package.json → flujo (json)
[2025-05-14 13:02:43] → /Users/josemanuelmota/Desktop/Noesis_AppOrchestrator/node_modules/hasown/package.json → flujo (json)
[2025-05-14 13:02:43] → /Users/josemanuelmota/Desktop/Noesis_AppOrchestrator/node_modules/hasown/tsconfig.json → flujo (json)
[2025-05-14 12:59:59] → /Users/josemanuelmota/Desktop/Noesis_AppOrchestrator/node_modules/safer-buffer/package.json → flujo (json)
[2025-05-14 12:59:59] → /Users/josemanuelmota/Desktop/Noesis_AppOrchestrator/node_modules/side-channel-weakmap/package.json → flujo (json)
[2025-05-14 12:59:59] → /Users/josemanuelmota/Desktop/Noesis_AppOrchestrator/node_modules/side-channel-weakmap/tsconfig.json → flujo (json)
[2025-05-14 12:59:59] → /Users/josemanuelmota/Desktop/Noesis_AppOrchestrator/node_modules/is-promise/package.json → flujo (json)
[2025-05-14 13:02:43] → /Users/josemanuelmota/Desktop/Noesis_AppOrchestrator/node_modules/mime-types/package.json → flujo (json)
[2025-05-14 12:59:59] → /Users/josemanuelmota/Desktop/Noesis_AppOrchestrator/node_modules/undici-types/package.json → flujo (json)
[2025-05-14 13:02:43] → /Users/josemanuelmota/Desktop/Noesis_AppOrchestrator/node_modules/type-is/package.json → flujo (json)
[2025-05-14 13:02:43] → /Users/josemanuelmota/Desktop/Noesis_AppOrchestrator/node_modules/is-stream/package.json → flujo (json)
[2025-05-14 12:59:59] → /Users/josemanuelmota/Desktop/Noesis_AppOrchestrator/node_modules/chalk/node_modules/supports-color/package.json → flujo (json)
[2025-05-14 13:02:43] → /Users/josemanuelmota/Desktop/Noesis_AppOrchestrator/node_modules/chalk/package.json → flujo (json)
[2025-05-14 12:59:59] → /Users/josemanuelmota/Desktop/Noesis_AppOrchestrator/node_modules/ansi-regex/package.json → flujo (json)
[2025-05-14 13:02:43] → /Users/josemanuelmota/Desktop/Noesis_AppOrchestrator/node_modules/has-flag/package.json → flujo (json)
[2025-05-14 13:02:43] → /Users/josemanuelmota/Desktop/Noesis_AppOrchestrator/node_modules/supports-color/package.json → flujo (json)
[2025-05-14 13:02:43] → /Users/josemanuelmota/Desktop/Noesis_AppOrchestrator/node_modules/vary/package.json → flujo (json)
[2025-05-14 13:02:43] → /Users/josemanuelmota/Desktop/Noesis_AppOrchestrator/node_modules/color-convert/package.json → flujo (json)
[2025-05-14 13:02:43] → /Users/josemanuelmota/Desktop/Noesis_AppOrchestrator/node_modules/unpipe/package.json → flujo (json)
[2025-05-14 13:02:43] → /Users/josemanuelmota/Desktop/Noesis_AppOrchestrator/node_modules/fecha/package.json → flujo (json)
[2025-05-14 12:59:59] → /Users/josemanuelmota/Desktop/Noesis_AppOrchestrator/node_modules/logform/package.json → flujo (json)
[2025-05-14 13:02:43] → /Users/josemanuelmota/Desktop/Noesis_AppOrchestrator/node_modules/logform/tsconfig.json → flujo (json)
[2025-05-14 12:59:59] → /Users/josemanuelmota/Desktop/Noesis_AppOrchestrator/node_modules/crypto-js/bower.json → flujo (json)
[2025-05-14 12:59:59] → /Users/josemanuelmota/Desktop/Noesis_AppOrchestrator/node_modules/crypto-js/package.json → flujo (json)
[2025-05-14 13:02:43] → /Users/josemanuelmota/Desktop/Noesis_AppOrchestrator/node_modules/winston-transport/package.json → flujo (json)
[2025-05-14 12:59:59] → /Users/josemanuelmota/Desktop/Noesis_AppOrchestrator/node_modules/winston-transport/.nyc_output/68e78020-c804-4f37-a68a-a967c6380da9.json → flujo (json)
[2025-05-14 12:59:59] → /Users/josemanuelmota/Desktop/Noesis_AppOrchestrator/node_modules/winston-transport/.nyc_output/processinfo/68e78020-c804-4f37-a68a-a967c6380da9.json → flujo (json)
[2025-05-14 12:59:59] → /Users/josemanuelmota/Desktop/Noesis_AppOrchestrator/node_modules/winston-transport/.nyc_output/processinfo/index.json → flujo (json)
[2025-05-14 13:02:43] → /Users/josemanuelmota/Desktop/Noesis_AppOrchestrator/node_modules/get-caller-file/package.json → flujo (json)
[2025-05-14 13:02:43] → /Users/josemanuelmota/Desktop/Noesis_AppOrchestrator/node_modules/react-dom/package.json → flujo (json)
[2025-05-14 12:59:59] → /Users/josemanuelmota/Desktop/Noesis_AppOrchestrator/node_modules/util-deprecate/package.json → flujo (json)
[2025-05-14 12:59:59] → /Users/josemanuelmota/Desktop/Noesis_AppOrchestrator/node_modules/has-symbols/package.json → flujo (json)
[2025-05-14 12:59:59] → /Users/josemanuelmota/Desktop/Noesis_AppOrchestrator/node_modules/has-symbols/tsconfig.json → flujo (json)
[2025-05-14 12:59:59] → /Users/josemanuelmota/Desktop/Noesis_AppOrchestrator/node_modules/.package-lock.json → flujo (json)
[2025-05-14 12:59:59] → /Users/josemanuelmota/Desktop/Noesis_AppOrchestrator/node_modules/raw-body/package.json → flujo (json)
[2025-05-14 12:59:59] → /Users/josemanuelmota/Desktop/Noesis_AppOrchestrator/node_modules/http-errors/package.json → flujo (json)
[2025-05-14 13:02:43] → /Users/josemanuelmota/Desktop/Noesis_AppOrchestrator/node_modules/accepts/package.json → flujo (json)
[2025-05-14 12:59:59] → /Users/josemanuelmota/Desktop/Noesis_AppOrchestrator/node_modules/socket.io/node_modules/mime-types/package.json → flujo (json)
[2025-05-14 13:02:43] → /Users/josemanuelmota/Desktop/Noesis_AppOrchestrator/node_modules/socket.io/node_modules/accepts/package.json → flujo (json)
[2025-05-14 13:02:43] → /Users/josemanuelmota/Desktop/Noesis_AppOrchestrator/node_modules/socket.io/node_modules/negotiator/package.json → flujo (json)
[2025-05-14 13:02:43] → /Users/josemanuelmota/Desktop/Noesis_AppOrchestrator/node_modules/socket.io/node_modules/debug/package.json → flujo (json)
[2025-05-14 13:02:43] → /Users/josemanuelmota/Desktop/Noesis_AppOrchestrator/node_modules/socket.io/node_modules/mime-db/db.json → flujo (json)
[2025-05-14 12:59:59] → /Users/josemanuelmota/Desktop/Noesis_AppOrchestrator/node_modules/socket.io/node_modules/mime-db/package.json → flujo (json)
[2025-05-14 13:02:43] → /Users/josemanuelmota/Desktop/Noesis_AppOrchestrator/node_modules/socket.io/package.json → flujo (json)
[2025-05-14 12:59:59] → /Users/josemanuelmota/Desktop/Noesis_AppOrchestrator/node_modules/safe-stable-stringify/esm/package.json → flujo (json)
[2025-05-14 13:02:43] → /Users/josemanuelmota/Desktop/Noesis_AppOrchestrator/node_modules/safe-stable-stringify/package.json → flujo (json)
[2025-05-14 12:59:59] → /Users/josemanuelmota/Desktop/Noesis_AppOrchestrator/node_modules/ansi-styles/package.json → flujo (json)
[2025-05-14 12:59:59] → /Users/josemanuelmota/Desktop/Noesis_AppOrchestrator/node_modules/cookie-signature/package.json → flujo (json)
[2025-05-14 12:59:59] → /Users/josemanuelmota/Desktop/Noesis_AppOrchestrator/node_modules/forwarded/package.json → flujo (json)
[2025-05-14 12:59:59] → /Users/josemanuelmota/Desktop/Noesis_AppOrchestrator/node_modules/negotiator/package.json → flujo (json)
[2025-05-14 13:02:43] → /Users/josemanuelmota/Desktop/Noesis_AppOrchestrator/node_modules/body-parser/package.json → flujo (json)
[2025-05-14 13:02:43] → /Users/josemanuelmota/Desktop/Noesis_AppOrchestrator/node_modules/shell-quote/package.json → flujo (json)
[2025-05-14 12:59:59] → /Users/josemanuelmota/Desktop/Noesis_AppOrchestrator/node_modules/side-channel/package.json → flujo (json)
[2025-05-14 12:59:59] → /Users/josemanuelmota/Desktop/Noesis_AppOrchestrator/node_modules/side-channel/tsconfig.json → flujo (json)
[2025-05-14 12:59:59] → /Users/josemanuelmota/Desktop/Noesis_AppOrchestrator/node_modules/cors/package.json → flujo (json)
[2025-05-14 13:02:43] → /Users/josemanuelmota/Desktop/Noesis_AppOrchestrator/node_modules/serve-static/package.json → flujo (json)
[2025-05-14 12:59:59] → /Users/josemanuelmota/Desktop/Noesis_AppOrchestrator/node_modules/is-arrayish/package.json → flujo (json)
[2025-05-14 12:59:59] → /Users/josemanuelmota/Desktop/Noesis_AppOrchestrator/node_modules/cliui/package.json → flujo (json)
[2025-05-14 13:02:43] → /Users/josemanuelmota/Desktop/Noesis_AppOrchestrator/node_modules/object-assign/package.json → flujo (json)
[2025-05-14 13:02:43] → /Users/josemanuelmota/Desktop/Noesis_AppOrchestrator/node_modules/get-proto/package.json → flujo (json)
[2025-05-14 12:59:59] → /Users/josemanuelmota/Desktop/Noesis_AppOrchestrator/node_modules/get-proto/tsconfig.json → flujo (json)
[2025-05-14 12:59:59] → /Users/josemanuelmota/Desktop/Noesis_AppOrchestrator/node_modules/form-data/node_modules/mime-types/package.json → flujo (json)
[2025-05-14 12:59:59] → /Users/josemanuelmota/Desktop/Noesis_AppOrchestrator/node_modules/form-data/node_modules/mime-db/db.json → flujo (json)
[2025-05-14 12:59:59] → /Users/josemanuelmota/Desktop/Noesis_AppOrchestrator/node_modules/form-data/node_modules/mime-db/package.json → flujo (json)
[2025-05-14 12:59:59] → /Users/josemanuelmota/Desktop/Noesis_AppOrchestrator/node_modules/form-data/package.json → flujo (json)
[2025-05-14 12:59:59] → /Users/josemanuelmota/Desktop/Noesis_AppOrchestrator/node_modules/delayed-stream/package.json → flujo (json)
[2025-05-14 12:59:59] → /Users/josemanuelmota/Desktop/Noesis_AppOrchestrator/node_modules/yargs/locales/tr.json → flujo (json)
[2025-05-14 12:59:59] → /Users/josemanuelmota/Desktop/Noesis_AppOrchestrator/node_modules/yargs/locales/hu.json → flujo (json)
[2025-05-14 13:02:43] → /Users/josemanuelmota/Desktop/Noesis_AppOrchestrator/node_modules/yargs/locales/nl.json → flujo (json)
[2025-05-14 13:02:43] → /Users/josemanuelmota/Desktop/Noesis_AppOrchestrator/node_modules/yargs/locales/pirate.json → flujo (json)
[2025-05-14 13:02:43] → /Users/josemanuelmota/Desktop/Noesis_AppOrchestrator/node_modules/yargs/locales/zh_CN.json → flujo (json)
[2025-05-14 13:02:43] → /Users/josemanuelmota/Desktop/Noesis_AppOrchestrator/node_modules/yargs/locales/ja.json → flujo (json)
[2025-05-14 13:02:43] → /Users/josemanuelmota/Desktop/Noesis_AppOrchestrator/node_modules/yargs/locales/de.json → flujo (json)
[2025-05-14 12:59:59] → /Users/josemanuelmota/Desktop/Noesis_AppOrchestrator/node_modules/yargs/locales/ru.json → flujo (json)
[2025-05-14 13:02:43] → /Users/josemanuelmota/Desktop/Noesis_AppOrchestrator/node_modules/yargs/locales/pl.json → flujo (json)
[2025-05-14 13:02:43] → /Users/josemanuelmota/Desktop/Noesis_AppOrchestrator/node_modules/yargs/locales/fi.json → flujo (json)
[2025-05-14 13:02:43] → /Users/josemanuelmota/Desktop/Noesis_AppOrchestrator/node_modules/yargs/locales/pt.json → flujo (json)
[2025-05-14 13:02:43] → /Users/josemanuelmota/Desktop/Noesis_AppOrchestrator/node_modules/yargs/locales/be.json → flujo (json)
[2025-05-14 12:59:59] → /Users/josemanuelmota/Desktop/Noesis_AppOrchestrator/node_modules/yargs/locales/en.json → flujo (json)
[2025-05-14 13:02:43] → /Users/josemanuelmota/Desktop/Noesis_AppOrchestrator/node_modules/yargs/locales/it.json → flujo (json)
[2025-05-14 12:59:59] → /Users/josemanuelmota/Desktop/Noesis_AppOrchestrator/node_modules/yargs/locales/fr.json → flujo (json)
[2025-05-14 13:02:43] → /Users/josemanuelmota/Desktop/Noesis_AppOrchestrator/node_modules/yargs/locales/hi.json → flujo (json)
[2025-05-14 13:02:43] → /Users/josemanuelmota/Desktop/Noesis_AppOrchestrator/node_modules/yargs/locales/ko.json → flujo (json)
[2025-05-14 13:02:43] → /Users/josemanuelmota/Desktop/Noesis_AppOrchestrator/node_modules/yargs/locales/cs.json → flujo (json)
[2025-05-14 12:59:59] → /Users/josemanuelmota/Desktop/Noesis_AppOrchestrator/node_modules/yargs/locales/id.json → flujo (json)
[2025-05-14 13:02:43] → /Users/josemanuelmota/Desktop/Noesis_AppOrchestrator/node_modules/yargs/locales/uz.json → flujo (json)
[2025-05-14 13:02:43] → /Users/josemanuelmota/Desktop/Noesis_AppOrchestrator/node_modules/yargs/locales/pt_BR.json → flujo (json)
[2025-05-14 12:59:59] → /Users/josemanuelmota/Desktop/Noesis_AppOrchestrator/node_modules/yargs/locales/zh_TW.json → flujo (json)
[2025-05-14 13:02:43] → /Users/josemanuelmota/Desktop/Noesis_AppOrchestrator/node_modules/yargs/locales/th.json → flujo (json)
[2025-05-14 12:59:59] → /Users/josemanuelmota/Desktop/Noesis_AppOrchestrator/node_modules/yargs/locales/uk_UA.json → flujo (json)
[2025-05-14 13:02:43] → /Users/josemanuelmota/Desktop/Noesis_AppOrchestrator/node_modules/yargs/locales/nn.json → flujo (json)
[2025-05-14 12:59:59] → /Users/josemanuelmota/Desktop/Noesis_AppOrchestrator/node_modules/yargs/locales/es.json → flujo (json)
[2025-05-14 12:59:59] → /Users/josemanuelmota/Desktop/Noesis_AppOrchestrator/node_modules/yargs/locales/nb.json → flujo (json)
[2025-05-14 12:59:59] → /Users/josemanuelmota/Desktop/Noesis_AppOrchestrator/node_modules/yargs/package.json → flujo (json)
[2025-05-14 13:02:43] → /Users/josemanuelmota/Desktop/Noesis_AppOrchestrator/node_modules/yargs/helpers/package.json → flujo (json)
[2025-05-14 12:59:59] → /Users/josemanuelmota/Desktop/Noesis_AppOrchestrator/node_modules/rxjs/webSocket/package.json → flujo (json)
[2025-05-14 13:02:43] → /Users/josemanuelmota/Desktop/Noesis_AppOrchestrator/node_modules/rxjs/operators/package.json → flujo (json)
[2025-05-14 12:59:59] → /Users/josemanuelmota/Desktop/Noesis_AppOrchestrator/node_modules/rxjs/testing/package.json → flujo (json)
[2025-05-14 12:59:59] → /Users/josemanuelmota/Desktop/Noesis_AppOrchestrator/node_modules/rxjs/fetch/package.json → flujo (json)
[2025-05-14 13:02:43] → /Users/josemanuelmota/Desktop/Noesis_AppOrchestrator/node_modules/rxjs/package.json → flujo (json)
[2025-05-14 13:02:43] → /Users/josemanuelmota/Desktop/Noesis_AppOrchestrator/node_modules/rxjs/tsconfig.json → flujo (json)
[2025-05-14 13:02:43] → /Users/josemanuelmota/Desktop/Noesis_AppOrchestrator/node_modules/rxjs/ajax/package.json → flujo (json)
[2025-05-14 12:59:59] → /Users/josemanuelmota/Desktop/Noesis_AppOrchestrator/node_modules/rxjs/src/tsconfig.types.json → flujo (json)
[2025-05-14 12:59:59] → /Users/josemanuelmota/Desktop/Noesis_AppOrchestrator/node_modules/rxjs/src/tsconfig.types.spec.json → flujo (json)
[2025-05-14 12:59:59] → /Users/josemanuelmota/Desktop/Noesis_AppOrchestrator/node_modules/rxjs/src/tsconfig.base.json → flujo (json)
[2025-05-14 12:59:59] → /Users/josemanuelmota/Desktop/Noesis_AppOrchestrator/node_modules/rxjs/src/tsconfig.esm5.rollup.json → flujo (json)
[2025-05-14 13:02:43] → /Users/josemanuelmota/Desktop/Noesis_AppOrchestrator/node_modules/rxjs/src/tsconfig.cjs.spec.json → flujo (json)
[2025-05-14 12:59:59] → /Users/josemanuelmota/Desktop/Noesis_AppOrchestrator/node_modules/rxjs/src/tsconfig.esm.json → flujo (json)
[2025-05-14 13:02:43] → /Users/josemanuelmota/Desktop/Noesis_AppOrchestrator/node_modules/rxjs/src/tsconfig.cjs.json → flujo (json)
[2025-05-14 12:59:59] → /Users/josemanuelmota/Desktop/Noesis_AppOrchestrator/node_modules/rxjs/src/tsconfig.esm5.json → flujo (json)
[2025-05-14 13:02:43] → /Users/josemanuelmota/Desktop/Noesis_AppOrchestrator/node_modules/engine.io-parser/package.json → flujo (json)
[2025-05-14 13:02:43] → /Users/josemanuelmota/Desktop/Noesis_AppOrchestrator/node_modules/engine.io-parser/build/esm/package.json → flujo (json)
[2025-05-14 12:59:59] → /Users/josemanuelmota/Desktop/Noesis_AppOrchestrator/node_modules/engine.io-parser/build/cjs/package.json → flujo (json)
[2025-05-14 12:59:59] → /Users/josemanuelmota/Desktop/Noesis_AppOrchestrator/node_modules/asynckit/package.json → flujo (json)
[2025-05-14 12:59:59] → /Users/josemanuelmota/Desktop/Noesis_AppOrchestrator/node_modules/ipaddr.js/package.json → flujo (json)
[2025-05-14 13:02:43] → /Users/josemanuelmota/Desktop/Noesis_AppOrchestrator/node_modules/cookie/package.json → flujo (json)
[2025-05-14 12:59:59] → /Users/josemanuelmota/Desktop/Noesis_AppOrchestrator/node_modules/socket.io-parser/node_modules/debug/package.json → flujo (json)
[2025-05-14 12:59:59] → /Users/josemanuelmota/Desktop/Noesis_AppOrchestrator/node_modules/socket.io-parser/package.json → flujo (json)
[2025-05-14 12:59:59] → /Users/josemanuelmota/Desktop/Noesis_AppOrchestrator/node_modules/socket.io-parser/build/esm-debug/package.json → flujo (json)
[2025-05-14 13:02:43] → /Users/josemanuelmota/Desktop/Noesis_AppOrchestrator/node_modules/socket.io-parser/build/esm/package.json → flujo (json)
[2025-05-14 12:59:59] → /Users/josemanuelmota/Desktop/Noesis_AppOrchestrator/node_modules/socket.io-parser/build/cjs/package.json → flujo (json)
[2025-05-14 12:59:59] → /Users/josemanuelmota/Desktop/Noesis_AppOrchestrator/node_modules/base64id/package.json → flujo (json)
[2025-05-14 12:59:59] → /Users/josemanuelmota/Desktop/Noesis_AppOrchestrator/node_modules/gopd/package.json → flujo (json)
[2025-05-14 13:02:43] → /Users/josemanuelmota/Desktop/Noesis_AppOrchestrator/node_modules/gopd/tsconfig.json → flujo (json)
[2025-05-14 13:02:43] → /Users/josemanuelmota/Desktop/Noesis_AppOrchestrator/node_modules/escape-html/package.json → flujo (json)
[2025-05-14 13:02:43] → /Users/josemanuelmota/Desktop/Noesis_AppOrchestrator/node_modules/engine.io/node_modules/mime-types/package.json → flujo (json)
[2025-05-14 12:59:59] → /Users/josemanuelmota/Desktop/Noesis_AppOrchestrator/node_modules/engine.io/node_modules/accepts/package.json → flujo (json)
[2025-05-14 13:02:43] → /Users/josemanuelmota/Desktop/Noesis_AppOrchestrator/node_modules/engine.io/node_modules/negotiator/package.json → flujo (json)
[2025-05-14 12:59:59] → /Users/josemanuelmota/Desktop/Noesis_AppOrchestrator/node_modules/engine.io/node_modules/debug/package.json → flujo (json)
[2025-05-14 13:02:43] → /Users/josemanuelmota/Desktop/Noesis_AppOrchestrator/node_modules/engine.io/node_modules/mime-db/db.json → flujo (json)
[2025-05-14 13:02:43] → /Users/josemanuelmota/Desktop/Noesis_AppOrchestrator/node_modules/engine.io/node_modules/mime-db/package.json → flujo (json)
[2025-05-14 13:02:43] → /Users/josemanuelmota/Desktop/Noesis_AppOrchestrator/node_modules/engine.io/package.json → flujo (json)
[2025-05-14 12:59:59] → /Users/josemanuelmota/Desktop/Noesis_AppOrchestrator/node_modules/statuses/codes.json → flujo (json)
[2025-05-14 13:02:43] → /Users/josemanuelmota/Desktop/Noesis_AppOrchestrator/node_modules/statuses/package.json → flujo (json)
[2025-05-14 12:59:59] → /Users/josemanuelmota/Desktop/Noesis_AppOrchestrator/node_modules/string-width/package.json → flujo (json)
[2025-05-14 12:59:59] → /Users/josemanuelmota/Desktop/Noesis_AppOrchestrator/node_modules/parseurl/package.json → flujo (json)
[2025-05-14 12:59:59] → /Users/josemanuelmota/Desktop/Noesis_AppOrchestrator/node_modules/etag/package.json → flujo (json)
[2025-05-14 13:02:43] → /Users/josemanuelmota/Desktop/Noesis_AppOrchestrator/node_modules/follow-redirects/package.json → flujo (json)
[2025-05-14 13:02:43] → /Users/josemanuelmota/Desktop/Noesis_AppOrchestrator/node_modules/wrappy/package.json → flujo (json)
[2025-05-14 12:59:59] → /Users/josemanuelmota/Desktop/Noesis_AppOrchestrator/node_modules/tailwindcss/package.json → flujo (json)
[2025-05-14 12:59:59] → /Users/josemanuelmota/Desktop/Noesis_AppOrchestrator/node_modules/send/package.json → flujo (json)
[2025-05-14 12:59:59] → /Users/josemanuelmota/Desktop/Noesis_AppOrchestrator/node_modules/finalhandler/package.json → flujo (json)
[2025-05-14 12:59:59] → /Users/josemanuelmota/Desktop/Noesis_AppOrchestrator/node_modules/es-set-tostringtag/package.json → flujo (json)
[2025-05-14 12:59:59] → /Users/josemanuelmota/Desktop/Noesis_AppOrchestrator/node_modules/es-set-tostringtag/tsconfig.json → flujo (json)
[2025-05-14 13:02:43] → /Users/josemanuelmota/Desktop/Noesis_AppOrchestrator/node_modules/enabled/package.json → flujo (json)
[2025-05-14 12:59:59] → /Users/josemanuelmota/Desktop/Noesis_AppOrchestrator/node_modules/react/package.json → flujo (json)
[2025-05-14 13:02:43] → /Users/josemanuelmota/Desktop/Noesis_AppOrchestrator/node_modules/axios/package.json → flujo (json)
[2025-05-14 12:59:59] → /Users/josemanuelmota/Desktop/Noesis_AppOrchestrator/node_modules/side-channel-map/package.json → flujo (json)
[2025-05-14 13:02:43] → /Users/josemanuelmota/Desktop/Noesis_AppOrchestrator/node_modules/side-channel-map/tsconfig.json → flujo (json)
[2025-05-14 13:02:43] → /Users/josemanuelmota/Desktop/Noesis_AppOrchestrator/node_modules/emoji-regex/package.json → flujo (json)
[2025-05-14 12:59:59] → /Users/josemanuelmota/Desktop/Noesis_AppOrchestrator/node_modules/object-inspect/package.json → flujo (json)
[2025-05-14 12:59:59] → /Users/josemanuelmota/Desktop/Noesis_AppOrchestrator/node_modules/object-inspect/package-support.json → flujo (json)
[2025-05-14 12:59:59] → /Users/josemanuelmota/Desktop/Noesis_AppOrchestrator/node_modules/readable-stream/package.json → flujo (json)
[2025-05-14 13:02:43] → /Users/josemanuelmota/Desktop/Noesis_AppOrchestrator/node_modules/winston/package.json → flujo (json)
[2025-05-14 12:59:59] → /Users/josemanuelmota/Desktop/Noesis_AppOrchestrator/node_modules/on-finished/package.json → flujo (json)
[2025-05-14 12:59:59] → /Users/josemanuelmota/Desktop/Noesis_AppOrchestrator/node_modules/ws/package.json → flujo (json)
[2025-05-14 13:02:43] → /Users/josemanuelmota/Desktop/Noesis_AppOrchestrator/node_modules/debug/package.json → flujo (json)
[2025-05-14 13:02:43] → /Users/josemanuelmota/Desktop/Noesis_AppOrchestrator/node_modules/media-typer/package.json → flujo (json)
[2025-05-14 13:02:43] → /Users/josemanuelmota/Desktop/Noesis_AppOrchestrator/node_modules/mime-db/db.json → flujo (json)
[2025-05-14 13:02:43] → /Users/josemanuelmota/Desktop/Noesis_AppOrchestrator/node_modules/mime-db/package.json → flujo (json)
[2025-05-14 13:02:43] → /Users/josemanuelmota/Desktop/Noesis_AppOrchestrator/node_modules/es-object-atoms/package.json → flujo (json)
[2025-05-14 13:02:43] → /Users/josemanuelmota/Desktop/Noesis_AppOrchestrator/node_modules/es-object-atoms/tsconfig.json → flujo (json)
[2025-05-14 12:59:59] → /Users/josemanuelmota/Desktop/Noesis_AppOrchestrator/node_modules/tree-kill/package.json → flujo (json)
[2025-05-14 13:02:43] → /Users/josemanuelmota/Desktop/Noesis_AppOrchestrator/node_modules/router/package.json → flujo (json)
[2025-05-14 13:02:43] → /Users/josemanuelmota/Desktop/Noesis_AppOrchestrator/node_modules/setprototypeof/package.json → flujo (json)
[2025-05-14 12:59:59] → /Users/josemanuelmota/Desktop/Noesis_AppOrchestrator/package-lock.json → flujo (json)
[2025-05-14 12:59:59] → /Users/josemanuelmota/Desktop/Noesis_AppOrchestrator/package.json → flujo (json)
[2025-05-14 13:02:43] → /Users/josemanuelmota/Desktop/Noesis_AppOrchestrator/.venv/etc/jupyter/nbconfig/notebook.d/pydeck.json → flujo (json)
[2025-05-14 13:02:43] → /Users/josemanuelmota/Desktop/Noesis_AppOrchestrator/.venv/lib/python3.13/site-packages/altair/vegalite/v5/schema/vega-themes.json → flujo (json)
[2025-05-14 13:02:43] → /Users/josemanuelmota/Desktop/Noesis_AppOrchestrator/.venv/lib/python3.13/site-packages/altair/vegalite/v5/schema/vega-lite-schema.json → flujo (json)
[2025-05-14 12:59:59] → /Users/josemanuelmota/Desktop/Noesis_AppOrchestrator/.venv/lib/python3.13/site-packages/jsonschema/benchmarks/issue232/issue.json → flujo (json)
[2025-05-14 13:02:43] → /Users/josemanuelmota/Desktop/Noesis_AppOrchestrator/.venv/lib/python3.13/site-packages/jsonschema_specifications/schemas/draft6/metaschema.json → flujo (json)
[2025-05-14 13:02:43] → /Users/josemanuelmota/Desktop/Noesis_AppOrchestrator/.venv/lib/python3.13/site-packages/jsonschema_specifications/schemas/draft7/metaschema.json → flujo (json)
[2025-05-14 13:02:43] → /Users/josemanuelmota/Desktop/Noesis_AppOrchestrator/.venv/lib/python3.13/site-packages/jsonschema_specifications/schemas/draft201909/metaschema.json → flujo (json)
[2025-05-14 13:02:43] → /Users/josemanuelmota/Desktop/Noesis_AppOrchestrator/.venv/lib/python3.13/site-packages/jsonschema_specifications/schemas/draft202012/metaschema.json → flujo (json)
[2025-05-14 12:59:59] → /Users/josemanuelmota/Desktop/Noesis_AppOrchestrator/.venv/lib/python3.13/site-packages/jsonschema_specifications/schemas/draft4/metaschema.json → flujo (json)
[2025-05-14 12:59:59] → /Users/josemanuelmota/Desktop/Noesis_AppOrchestrator/.venv/lib/python3.13/site-packages/jsonschema_specifications/schemas/draft3/metaschema.json → flujo (json)
[2025-05-14 13:02:43] → /Users/josemanuelmota/Desktop/Predictions/Predictions/Assets.xcassets/AppIcon.appiconset/Contents.json → flujo (json)
[2025-05-14 12:59:59] → /Users/josemanuelmota/Desktop/Predictions/Predictions/Assets.xcassets/AccentColor.colorset/Contents.json → flujo (json)
[2025-05-14 12:59:59] → /Users/josemanuelmota/Desktop/Predictions/Predictions/Assets.xcassets/Contents.json → flujo (json)
